{"level":"info","message":"Information message","service":"user-service"}
{"level":"info","message":"::1 - - [03/Oct/2022:13:55:23 +0000] \"POST /groups HTTP/1.1\" 201 58 \"-\" \"PostmanRuntime/7.29.2\"\n","service":"user-service"}
{"level":"info","message":"::1 - - [03/Oct/2022:13:56:00 +0000] \"POST /groups HTTP/1.1\" 201 58 \"-\" \"PostmanRuntime/7.29.2\"\n","service":"user-service"}
{"level":"info","message":"::1 - - [03/Oct/2022:14:04:30 +0000] \"POST /groups HTTP/1.1\" 201 58 \"-\" \"PostmanRuntime/7.29.2\"\n","service":"user-service"}
{"level":"error","message":"Unhandled Rejection","service":"user-service"}
{"level":"error","message":"Unhandled Rejection","service":"user-service"}
{"level":"error","message":"Unhandled Rejection","service":"user-service"}
{"level":"error","message":"Unhandled Rejection","service":"user-service"}
{"level":"error","message":"Unhandled Rejection","service":"user-service"}
{"level":"error","message":"Unhandled Rejection","service":"user-service"}
{"level":"error","message":"Unhandled Rejection","service":"user-service"}
{"level":"info","message":"::1 - - [03/Oct/2022:14:26:39 +0000] \"POST /groups HTTP/1.1\" 201 58 \"-\" \"PostmanRuntime/7.29.2\"\n","service":"user-service"}
{"level":"info","message":"::1 - - [03/Oct/2022:14:27:16 +0000] \"POST /groups HTTP/1.1\" 201 58 \"-\" \"PostmanRuntime/7.29.2\"\n","service":"user-service"}
{"level":"info","message":"::1 - - [03/Oct/2022:14:27:29 +0000] \"POST /groups HTTP/1.1\" 201 58 \"-\" \"PostmanRuntime/7.29.2\"\n","service":"user-service"}
{"level":"info","message":"::1 - - [03/Oct/2022:14:27:44 +0000] \"POST /groups HTTP/1.1\" 201 58 \"-\" \"PostmanRuntime/7.29.2\"\n","service":"user-service"}
{"level":"info","message":"::1 - - [03/Oct/2022:14:35:31 +0000] \"POST /groups HTTP/1.1\" 201 58 \"-\" \"PostmanRuntime/7.29.2\"\n","service":"user-service"}
{"level":"info","message":"::1 - - [03/Oct/2022:14:48:47 +0000] \"GET /groups HTTP/1.1\" 200 2021 \"-\" \"PostmanRuntime/7.29.2\"\n","service":"user-service"}
{"level":"info","message":"::1 - - [03/Oct/2022:14:54:43 +0000] \"GET /groups HTTP/1.1\" 404 32 \"-\" \"PostmanRuntime/7.29.2\"\n","service":"user-service"}
{"level":"info","message":"::1 - - [03/Oct/2022:15:16:51 +0000] \"GET /groups HTTP/1.1\" 404 32 \"-\" \"PostmanRuntime/7.29.2\"\n","service":"user-service"}
{"level":"info","message":"::1 - - [03/Oct/2022:15:17:09 +0000] \"GET /groups HTTP/1.1\" 404 32 \"-\" \"PostmanRuntime/7.29.2\"\n","service":"user-service"}
{"level":"info","message":"::1 - - [03/Oct/2022:15:17:14 +0000] \"GET /groups HTTP/1.1\" 404 32 \"-\" \"PostmanRuntime/7.29.2\"\n","service":"user-service"}
{"level":"info","message":"::1 - - [03/Oct/2022:15:17:25 +0000] \"POST /groups HTTP/1.1\" 201 66 \"-\" \"PostmanRuntime/7.29.2\"\n","service":"user-service"}
{"level":"info","message":"::1 - - [03/Oct/2022:15:21:29 +0000] \"POST /groups HTTP/1.1\" 201 66 \"-\" \"PostmanRuntime/7.29.2\"\n","service":"user-service"}
{"level":"info","message":"::1 - - [03/Oct/2022:15:21:36 +0000] \"POST /groups HTTP/1.1\" 201 66 \"-\" \"PostmanRuntime/7.29.2\"\n","service":"user-service"}
{"level":"info","message":"::1 - - [03/Oct/2022:15:21:39 +0000] \"GET /groups HTTP/1.1\" 200 202 \"-\" \"PostmanRuntime/7.29.2\"\n","service":"user-service"}
{"level":"info","message":"::1 - - [06/Oct/2022:15:55:53 +0000] \"PUT /users/32a66bf8-0d4a-4461-b468-beffae7f3692 HTTP/1.1\" 400 114 \"-\" \"PostmanRuntime/7.29.2\"\n","service":"user-service"}
{"level":"info","message":"::1 - - [06/Oct/2022:15:56:00 +0000] \"PUT /users/32a66bf8-0d4a-4461-b468-beffae7f3692 HTTP/1.1\" 400 114 \"-\" \"PostmanRuntime/7.29.2\"\n","service":"user-service"}
{"level":"info","message":"::1 - - [06/Oct/2022:15:56:04 +0000] \"PUT /users/32a66bf8-0d4a-4461-b468-beffae7f3692 HTTP/1.1\" 400 114 \"-\" \"PostmanRuntime/7.29.2\"\n","service":"user-service"}
{"level":"info","message":"::1 - - [06/Oct/2022:15:56:09 +0000] \"PUT /users/32a66bf8-0d4a-4461-b468-beffae7f3692 HTTP/1.1\" 200 72 \"-\" \"PostmanRuntime/7.29.2\"\n","service":"user-service"}
{"level":"info","message":"::1 - - [06/Oct/2022:15:56:11 +0000] \"GET /ws HTTP/1.1\" 500 1295 \"-\" \"Mozilla/5.0 (Macintosh; Intel Mac OS X 10_15_7) AppleWebKit/537.36 (KHTML, like Gecko) Chrome/106.0.0.0 Safari/537.36\"\n","service":"user-service"}
{"level":"info","message":"::1 - - [06/Oct/2022:15:56:11 +0000] \"GET /ws HTTP/1.1\" 500 1295 \"-\" \"Mozilla/5.0 (Macintosh; Intel Mac OS X 10_15_7) AppleWebKit/537.36 (KHTML, like Gecko) Chrome/106.0.0.0 Safari/537.36\"\n","service":"user-service"}
{"level":"info","message":"::1 - - [06/Oct/2022:16:05:07 +0000] \"GET /ws HTTP/1.1\" 500 1295 \"-\" \"Mozilla/5.0 (Macintosh; Intel Mac OS X 10_15_7) AppleWebKit/537.36 (KHTML, like Gecko) Chrome/106.0.0.0 Safari/537.36\"\n","service":"user-service"}
{"level":"info","message":"::1 - - [06/Oct/2022:16:05:07 +0000] \"GET /ws HTTP/1.1\" 500 1295 \"-\" \"Mozilla/5.0 (Macintosh; Intel Mac OS X 10_15_7) AppleWebKit/537.36 (KHTML, like Gecko) Chrome/106.0.0.0 Safari/537.36\"\n","service":"user-service"}
{"level":"info","message":"::1 - - [06/Oct/2022:16:42:32 +0000] \"PUT /users/32a66bf8-0d4a-4461-b468-beffae7f3692 HTTP/1.1\" 200 72 \"-\" \"PostmanRuntime/7.29.2\"\n","service":"user-service"}
{"level":"info","message":"::1 - - [06/Oct/2022:16:42:38 +0000] \"GET /groups HTTP/1.1\" 200 202 \"-\" \"PostmanRuntime/7.29.2\"\n","service":"user-service"}
{"level":"error","message":"Uncaught exception!","service":"user-service"}
{"level":"info","message":"::1 - - [06/Oct/2022:17:12:57 +0000] \"GET /groups HTTP/1.1\" 200 202 \"-\" \"PostmanRuntime/7.29.2\"\n","service":"user-service"}
{"level":"error","message":"GET [object Object] connect ECONNREFUSED 127.0.0.1:5432","service":"user-service"}
{"level":"error","message":"GET [object Object] connect ECONNREFUSED 127.0.0.1:5432","service":"user-service"}
[31merror[39m:   GET [object Object] connect ECONNREFUSED 127.0.0.1:5432
[31merror[39m:   GET [object Object] connect ECONNREFUSED 127.0.0.1:5432
[31merror[39m:   GET [object Object] connect ECONNREFUSED 127.0.0.1:5432
[31merror[39m:   GET [object Object] connect ECONNREFUSED 127.0.0.1:5432
{"level":"error","message":"GET [object Object] connect ECONNREFUSED 127.0.0.1:5432","service":"user-service","timestamp":"2022-10-10T20:57:17.298Z"}
{"level":"error","message":"GET [object Object] connect ECONNREFUSED 127.0.0.1:5432","service":"user-service","timestamp":"2022-10-10T20:58:59.280Z"}
{"level":"error","message":"PRIVET ","service":"user-service","timestamp":"2022-10-10T20:59:45.013Z"}
{"level":"error","message":"GET [object Object] connect ECONNREFUSED 127.0.0.1:5432","service":"user-service","timestamp":"2022-10-10T20:59:50.985Z"}
{"level":"error","message":"GET [object Object] connect ECONNREFUSED 127.0.0.1:5432","service":"user-service","timestamp":"2022-10-10T21:00:06.542Z"}
{"level":"error","message":"GET [object Object] connect ECONNREFUSED 127.0.0.1:5432","service":"user-service","timestamp":"2022-10-10T21:00:49.749Z"}
{"level":"error","message":"GET [object Object] connect ECONNREFUSED 127.0.0.1:5432","service":"user-service","timestamp":"2022-10-10T21:01:03.425Z"}
{"level":"error","message":"GET [object Object] connect ECONNREFUSED 127.0.0.1:5432","service":"user-service","timestamp":"2022-10-10T21:01:09.421Z"}
{"level":"error","message":"Unhandled Rejection","service":"user-service","timestamp":"2022-10-10T21:03:51.349Z"}
{"level":"error","message":"GET [object Object] connect ECONNREFUSED 127.0.0.1:5432","service":"user-service","timestamp":"2022-10-10T21:08:57.092Z"}
{"level":"error","message":"GET [object Object] connect ECONNREFUSED 127.0.0.1:5432","service":"user-service","timestamp":"2022-10-10T21:16:12.794Z"}
{"level":"error","message":"GET [object Object] connect ECONNREFUSED 127.0.0.1:5432","service":"user-service","timestamp":"2022-10-10T21:16:23.154Z"}
{"level":"error","message":"GET [object Object] connect ECONNREFUSED 127.0.0.1:5432","service":"user-service","timestamp":"2022-10-10T21:16:32.391Z"}
{"level":"error","message":"GET [object Object] connect ECONNREFUSED 127.0.0.1:5432","service":"user-service","timestamp":"2022-10-10T21:16:37.427Z"}
{
  message: 'GET [object Object] connect ECONNREFUSED 127.0.0.1:5432',
  level: 'error',
  service: 'user-service'
}
{
  message: 'GET [object Object] connect ECONNREFUSED 127.0.0.1:5432',
  level: 'error',
  service: 'user-service'
}
{
  message: 'GET [object Object] connect ECONNREFUSED 127.0.0.1:5432',
  level: 'error',
  service: 'user-service'
}
{
  message: 'GET [object Object] connect ECONNREFUSED 127.0.0.1:5432',
  level: 'error',
  service: 'user-service'
}
{
  message: 'GET [object Object] connect ECONNREFUSED 127.0.0.1:5432',
  level: 'error',
  service: 'user-service'
}
{
  message: 'GET [object Object] connect ECONNREFUSED 127.0.0.1:5432',
  level: 'error',
  service: 'user-service'
}
{
  message: 'GET [object Object] connect ECONNREFUSED 127.0.0.1:5432',
  level: 'error',
  service: 'user-service'
}
{
  message: 'GET [object Object] connect ECONNREFUSED 127.0.0.1:5432',
  level: 'error',
  service: 'user-service'
}
{
  message: 'GET [object Object] connect ECONNREFUSED 127.0.0.1:5432',
  level: 'error',
  service: 'user-service'
}
{
  message: 'GET [object Object] connect ECONNREFUSED 127.0.0.1:5432',
  level: 'error',
  service: 'user-service'
}
{
  message: 'GET [object Object] connect ECONNREFUSED 127.0.0.1:5432',
  level: 'error',
  service: 'user-service'
}
{
  message: 'GET [object Object] connect ECONNREFUSED 127.0.0.1:5432',
  level: 'error',
  service: 'user-service'
}
{
  message: 'GET [object Object] connect ECONNREFUSED 127.0.0.1:5432',
  level: 'error',
  service: 'user-service'
}
{
  message: 'GET [object Object] connect ECONNREFUSED 127.0.0.1:5432',
  level: 'error',
  service: 'user-service'
}
{
  message: 'GET [object Object] connect ECONNREFUSED 127.0.0.1:5432',
  level: 'error',
  service: 'user-service'
}
{
  message: 'GET [object Object] connect ECONNREFUSED 127.0.0.1:5432',
  level: 'error',
  service: 'user-service'
}
{
  message: 'ERROR!@! 500 - undefined - undefined - undefined - undefined',
  level: 'error',
  service: 'user-service'
}
{
  message: 'ERROR!@! 500 - undefined - undefined - undefined - undefined',
  level: 'error',
  service: 'user-service'
}
{
  message: 'ERROR!@! STATUS: 500 - Status message:undefined - Error message:undefined - undefined - undefined',
  level: 'error',
  service: 'user-service'
}
{
  message: 'ERROR!@! STATUS: 500 - Status message:undefined - Error message:undefined - undefined - undefined',
  level: 'error',
  service: 'user-service'
}
{
  message: 'ERROR!@! STATUS: 500 - Status message:undefined - Error message:undefined - undefined - undefined',
  level: 'error',
  service: 'user-service'
}
{
  message: 'ERROR!@! STATUS: 500 - Status message:undefined - Error message:undefined - undefined - undefined',
  level: 'error',
  service: 'user-service'
}
{
  message: 'ERROR!@! STATUS: 500 - Status message:undefined - Error message:undefined - undefined - undefined',
  level: 'error',
  service: 'user-service'
}
{
  message: 'ERROR!@! STATUS: 500 - Status message:undefined - Error message:undefined - undefined - undefined',
  level: 'error',
  service: 'user-service'
}
{
  message: 'ERROR!@! STATUS: 500\n' +
    '        - Status message:undefined \n' +
    '        - Error message:undefined\n' +
    '        - URL:undefined\n' +
    '        - METHOD:undefined',
  level: 'error',
  service: 'user-service'
}
{
  message: 'ERROR!@!\n' +
    '        - STATUS: 500\n' +
    '        - Status message:undefined \n' +
    '        - Error message:undefined\n' +
    '        - URL:undefined\n' +
    '        - METHOD:undefined',
  level: 'error',
  service: 'user-service'
}
